
64. Executing CHECK pass (checking for obvious problems).
Checking module router_1x3...
Warning: Wire router_1x3.\valid_out_2 is used but has no driver.
Warning: Wire router_1x3.\valid_out_1 is used but has no driver.
Warning: Wire router_1x3.\valid_out_0 is used but has no driver.
Warning: Wire router_1x3.\error is used but has no driver.
Warning: Wire router_1x3.\data_out_2 [7] is used but has no driver.
Warning: Wire router_1x3.\data_out_2 [6] is used but has no driver.
Warning: Wire router_1x3.\data_out_2 [5] is used but has no driver.
Warning: Wire router_1x3.\data_out_2 [4] is used but has no driver.
Warning: Wire router_1x3.\data_out_2 [3] is used but has no driver.
Warning: Wire router_1x3.\data_out_2 [2] is used but has no driver.
Warning: Wire router_1x3.\data_out_2 [1] is used but has no driver.
Warning: Wire router_1x3.\data_out_2 [0] is used but has no driver.
Warning: Wire router_1x3.\data_out_1 [7] is used but has no driver.
Warning: Wire router_1x3.\data_out_1 [6] is used but has no driver.
Warning: Wire router_1x3.\data_out_1 [5] is used but has no driver.
Warning: Wire router_1x3.\data_out_1 [4] is used but has no driver.
Warning: Wire router_1x3.\data_out_1 [3] is used but has no driver.
Warning: Wire router_1x3.\data_out_1 [2] is used but has no driver.
Warning: Wire router_1x3.\data_out_1 [1] is used but has no driver.
Warning: Wire router_1x3.\data_out_1 [0] is used but has no driver.
Warning: Wire router_1x3.\data_out_0 [7] is used but has no driver.
Warning: Wire router_1x3.\data_out_0 [6] is used but has no driver.
Warning: Wire router_1x3.\data_out_0 [5] is used but has no driver.
Warning: Wire router_1x3.\data_out_0 [4] is used but has no driver.
Warning: Wire router_1x3.\data_out_0 [3] is used but has no driver.
Warning: Wire router_1x3.\data_out_0 [2] is used but has no driver.
Warning: Wire router_1x3.\data_out_0 [1] is used but has no driver.
Warning: Wire router_1x3.\data_out_0 [0] is used but has no driver.
Warning: Wire router_1x3.\busy is used but has no driver.
Found and reported 29 problems.
