
===========================================================================
 report_power
============================================================================
======================= Fastest Corner ===================================

Group                  Internal  Switching    Leakage      Total
                          Power      Power      Power      Power (Watts)
----------------------------------------------------------------
Sequential             2.93e-03   2.15e-04   8.77e-09   3.15e-03  34.8%
Combinational          2.60e-03   3.30e-03   3.35e-08   5.90e-03  65.2%
Macro                  0.00e+00   0.00e+00   0.00e+00   0.00e+00   0.0%
Pad                    0.00e+00   0.00e+00   0.00e+00   0.00e+00   0.0%
----------------------------------------------------------------
Total                  5.53e-03   3.52e-03   4.23e-08   9.04e-03 100.0%
                          61.1%      38.9%       0.0%

======================= Slowest Corner ===================================

Group                  Internal  Switching    Leakage      Total
                          Power      Power      Power      Power (Watts)
----------------------------------------------------------------
Sequential             1.96e-03   1.42e-04   8.73e-06   2.12e-03  34.2%
Combinational          1.89e-03   2.17e-03   1.35e-05   4.07e-03  65.8%
Macro                  0.00e+00   0.00e+00   0.00e+00   0.00e+00   0.0%
Pad                    0.00e+00   0.00e+00   0.00e+00   0.00e+00   0.0%
----------------------------------------------------------------
Total                  3.85e-03   2.31e-03   2.22e-05   6.19e-03 100.0%
                          62.3%      37.4%       0.4%

======================= Typical Corner ===================================

Group                  Internal  Switching    Leakage      Total
                          Power      Power      Power      Power (Watts)
----------------------------------------------------------------
Sequential             2.52e-03   1.82e-04   5.01e-09   2.71e-03  34.6%
Combinational          2.33e-03   2.78e-03   1.53e-08   5.11e-03  65.4%
Macro                  0.00e+00   0.00e+00   0.00e+00   0.00e+00   0.0%
Pad                    0.00e+00   0.00e+00   0.00e+00   0.00e+00   0.0%
----------------------------------------------------------------
Total                  4.85e-03   2.97e-03   2.04e-08   7.82e-03 100.0%
                          62.1%      37.9%       0.0%

