Sat Apr 18 16:28:38 UTC 2026 - Executing "openroad -exit -no_init -python /openlane/scripts/odbpy/lefutil.py get_metal_layers -o /openlane/designs/router_1x3/runs/run2/tmp/layers.list /home/codespace/.ciel/sky130A/libs.ref/sky130_fd_sc_hd/techlef/sky130_fd_sc_hd__nom.tlef"

Sat Apr 18 16:28:39 UTC 2026 - Executing "/openlane/scripts/mergeLef.py -o /openlane/designs/router_1x3/runs/run2/tmp/merged.nom.lef -i /home/codespace/.ciel/sky130A/libs.ref/sky130_fd_sc_hd/techlef/sky130_fd_sc_hd__nom.tlef {/home/codespace/.ciel/sky130A/libs.ref/sky130_fd_sc_hd/lef/sky130_fd_sc_hd.lef /home/codespace/.ciel/sky130A/libs.ref/sky130_fd_sc_hd/lef/sky130_ef_sc_hd.lef} |& tee /dev/null"

Sat Apr 18 16:28:39 UTC 2026 - Executing "/openlane/scripts/mergeLef.py -o /openlane/designs/router_1x3/runs/run2/tmp/merged.min.lef -i /home/codespace/.ciel/sky130A/libs.ref/sky130_fd_sc_hd/techlef/sky130_fd_sc_hd__min.tlef {/home/codespace/.ciel/sky130A/libs.ref/sky130_fd_sc_hd/lef/sky130_fd_sc_hd.lef /home/codespace/.ciel/sky130A/libs.ref/sky130_fd_sc_hd/lef/sky130_ef_sc_hd.lef} |& tee /dev/null"

Sat Apr 18 16:28:40 UTC 2026 - Executing "/openlane/scripts/mergeLef.py -o /openlane/designs/router_1x3/runs/run2/tmp/merged.max.lef -i /home/codespace/.ciel/sky130A/libs.ref/sky130_fd_sc_hd/techlef/sky130_fd_sc_hd__max.tlef {/home/codespace/.ciel/sky130A/libs.ref/sky130_fd_sc_hd/lef/sky130_fd_sc_hd.lef /home/codespace/.ciel/sky130A/libs.ref/sky130_fd_sc_hd/lef/sky130_ef_sc_hd.lef} |& tee /dev/null"

Sat Apr 18 16:28:40 UTC 2026 - Executing "python3 /openlane/scripts/mergeLib.py --output /openlane/designs/router_1x3/runs/run2/tmp/synthesis/merged.lib --name sky130A_merged /home/codespace/.ciel/sky130A/libs.ref/sky130_fd_sc_hd/lib/sky130_fd_sc_hd__tt_025C_1v80.lib"

Sat Apr 18 16:28:41 UTC 2026 - Executing "python3 /openlane/scripts/libtrim.py --cell-file /openlane/designs/router_1x3/runs/run2/tmp/synthesis/trimmed.lib.exclude.list --output /openlane/designs/router_1x3/runs/run2/tmp/synthesis/trimmed.lib /openlane/designs/router_1x3/runs/run2/tmp/synthesis/merged.lib"

Sat Apr 18 16:28:41 UTC 2026 - Executing "python3 /openlane/scripts/libtrim.py --cell-file /openlane/designs/router_1x3/runs/run2/tmp/cts/cts.lib.exclude.list --output /openlane/designs/router_1x3/runs/run2/tmp/cts/cts.lib /home/codespace/.ciel/sky130A/libs.ref/sky130_fd_sc_hd/lib/sky130_fd_sc_hd__tt_025C_1v80.lib"

Sat Apr 18 16:28:41 UTC 2026 - Executing "python3 /openlane/scripts/libtrim.py --cell-file /openlane/designs/router_1x3/runs/run2/tmp/cts/cts-fastest.lib.exclude.list --output /openlane/designs/router_1x3/runs/run2/tmp/cts/cts-fastest.lib /home/codespace/.ciel/sky130A/libs.ref/sky130_fd_sc_hd/lib/sky130_fd_sc_hd__ff_n40C_1v95.lib"

Sat Apr 18 16:28:42 UTC 2026 - Executing "python3 /openlane/scripts/libtrim.py --cell-file /openlane/designs/router_1x3/runs/run2/tmp/cts/cts-slowest.lib.exclude.list --output /openlane/designs/router_1x3/runs/run2/tmp/cts/cts-slowest.lib /home/codespace/.ciel/sky130A/libs.ref/sky130_fd_sc_hd/lib/sky130_fd_sc_hd__ss_100C_1v60.lib"

Sat Apr 18 16:28:42 UTC 2026 - Executing "python3 /openlane/scripts/new_tracks.py -i /home/codespace/.ciel/sky130A/libs.tech/openlane/sky130_fd_sc_hd/tracks.info -o /openlane/designs/router_1x3/runs/run2/tmp/routing/config.tracks"

Sat Apr 18 16:28:42 UTC 2026 - Executing "echo {OpenLane ff5509f65b17bfa4068d5336495ab1718987ff69} > /openlane/designs/router_1x3/runs/run2/OPENLANE_COMMIT"

Sat Apr 18 16:28:49 UTC 2026 - Executing "sed -E {s/^([[:space:]]+)pg_pin(.*)/\1pin\2\n\1    direction : "inout";/g} /home/codespace/.ciel/sky130A/libs.ref/sky130_fd_sc_hd/lib/sky130_fd_sc_hd__tt_025C_1v80.lib > /openlane/designs/router_1x3/runs/run2/tmp/synthesis/1-sky130_fd_sc_hd__tt_025C_1v80.no_pg.lib"

Sat Apr 18 16:28:50 UTC 2026 - Executing "sed -E {s/^([[:space:]]+)pg_pin(.*)/\1pin\2\n\1    direction : "inout";/g} /openlane/designs/router_1x3/runs/run2/tmp/synthesis/trimmed.lib > /openlane/designs/router_1x3/runs/run2/tmp/synthesis/1-trimmed.no_pg.lib"

Sat Apr 18 16:28:50 UTC 2026 - Executing "yosys -c /openlane/scripts/yosys/synth.tcl |& tee /dev/null /openlane/designs/router_1x3/runs/run2/logs/synthesis/1-synthesis.log"

Sat Apr 18 16:28:58 UTC 2026 - Executing "sed -i.bak -e {s/\(set ::env(CURRENT_NETLIST)\).*/\1 \/openlane\/designs\/router_1x3\/runs\/run2\/results\/synthesis\/router_1x3.v/} /openlane/designs/router_1x3/runs/run2/config.tcl"

Sat Apr 18 16:28:58 UTC 2026 - Executing "sed -i.bak /defparam/d /openlane/designs/router_1x3/runs/run2/results/synthesis/router_1x3.v"

Sat Apr 18 16:28:58 UTC 2026 - Executing "sta -exit -no_init /openlane/scripts/openroad/sta/multi_corner.tcl |& tee /dev/null /openlane/designs/router_1x3/runs/run2/logs/synthesis/2-sta.log"

Sat Apr 18 16:29:26 UTC 2026 - Executing "openroad -exit /openlane/scripts/openroad/floorplan.tcl |& tee /dev/null /openlane/designs/router_1x3/runs/run2/logs/floorplan/3-initial_fp.log"

Sat Apr 18 16:29:27 UTC 2026 - Executing "openroad -exit -no_init -python /openlane/scripts/odbpy/defutil.py extract_core_dims --output-data /openlane/designs/router_1x3/runs/run2/tmp/dimensions.txt --input-lef /openlane/designs/router_1x3/runs/run2/tmp/merged.nom.lef /openlane/designs/router_1x3/runs/run2/tmp/floorplan/3-initial_fp.def"

Sat Apr 18 16:29:27 UTC 2026 - Executing "openroad -exit /openlane/scripts/openroad/ioplacer.tcl |& tee /dev/null /openlane/designs/router_1x3/runs/run2/logs/floorplan/4-io.log"

Sat Apr 18 16:29:29 UTC 2026 - Executing "openroad -exit /openlane/scripts/openroad/tapcell.tcl |& tee /dev/null /openlane/designs/router_1x3/runs/run2/logs/floorplan/5-tap.log"

Sat Apr 18 16:29:30 UTC 2026 - Executing "openroad -exit /openlane/scripts/openroad/pdn.tcl |& tee /dev/null /openlane/designs/router_1x3/runs/run2/logs/floorplan/6-pdn.log"

Sat Apr 18 16:47:19 UTC 2026 - Executing "openroad -exit /openlane/scripts/openroad/cts.tcl |& tee /dev/null /openlane/designs/router_1x3/runs/run2/logs/cts/7-cts.log"

