[INFO]: Run Directory: /openlane/designs/router_1x3/runs/run2
[INFO]: Saving runtime environment...
[INFO]: Preparing LEF files for the nom corner...
[INFO]: Preparing LEF files for the min corner...
[INFO]: Preparing LEF files for the max corner...
[INFO]: Running Synthesis (log: designs/router_1x3/runs/run2/logs/synthesis/1-synthesis.log)...
[INFO]: Running Single-Corner Static Timing Analysis (log: designs/router_1x3/runs/run2/logs/synthesis/2-sta.log)...
[INFO]: Running Initial Floorplanning (log: designs/router_1x3/runs/run2/logs/floorplan/3-initial_fp.log)...
[INFO]: Floorplanned with width 247.48 and height 247.52.
[INFO]: Running IO Placement...
[INFO]: Running Tap/Decap Insertion (log: designs/router_1x3/runs/run2/logs/floorplan/5-tap.log)...
[INFO]: Power planning with power {VPWR} and ground {VGND}...
[INFO]: Generating PDN (log: designs/router_1x3/runs/run2/logs/floorplan/6-pdn.log)...
[INFO]: Running Clock Tree Synthesis (log: designs/router_1x3/runs/run2/logs/cts/7-cts.log)...
[ERROR]: during executing openroad script /openlane/scripts/openroad/cts.tcl
[ERROR]: Log: designs/router_1x3/runs/run2/logs/cts/7-cts.log
[ERROR]: Last 10 lines:
 _4868_
 _4869_
 _4870_
 _4871_
 _4872_
 _4873_
 _4874_
[ERROR DPL-0033] detailed placement checks failed.
DPL-0033
child process exited abnormally

[ERROR]: Creating issue reproducible...
[INFO]: Saving runtime environment...
[INFO]: Reproducible packaged: Please tarball and upload 'designs/router_1x3/runs/run2/issue_reproducible' if you're going to submit an issue.
