
===========================================================================
report_checks -unconstrained
===========================================================================
======================= Typical Corner ===================================

Startpoint: _4428_ (rising edge-triggered flip-flop clocked by clock)
Endpoint: busy (output port clocked by clock)
Path Group: clock
Path Type: max

Fanout     Cap    Slew   Delay    Time   Description
-----------------------------------------------------------------------------
                          0.00    0.00   clock clock (rise edge)
                          0.00    0.00   clock source latency
                  0.14    0.10    0.10 ^ clock (in)
     1    0.03                           clock (net)
                  0.14    0.00    0.10 ^ clkbuf_0_clock/A (sky130_fd_sc_hd__clkbuf_16)
                  0.12    0.23    0.33 ^ clkbuf_0_clock/X (sky130_fd_sc_hd__clkbuf_16)
     8    0.10                           clknet_0_clock (net)
                  0.12    0.00    0.33 ^ clkbuf_3_4__f_clock/A (sky130_fd_sc_hd__clkbuf_16)
                  0.09    0.20    0.53 ^ clkbuf_3_4__f_clock/X (sky130_fd_sc_hd__clkbuf_16)
     7    0.07                           clknet_3_4__leaf_clock (net)
                  0.09    0.00    0.53 ^ clkbuf_leaf_49_clock/A (sky130_fd_sc_hd__clkbuf_16)
                  0.06    0.17    0.70 ^ clkbuf_leaf_49_clock/X (sky130_fd_sc_hd__clkbuf_16)
    16    0.04                           clknet_leaf_49_clock (net)
                  0.06    0.00    0.70 ^ _4428_/CLK (sky130_fd_sc_hd__dfxtp_4)
                  0.07    0.40    1.10 v _4428_/Q (sky130_fd_sc_hd__dfxtp_4)
     8    0.04                           fsm1.laf_state (net)
                  0.07    0.00    1.10 v _3661_/B (sky130_fd_sc_hd__or3_1)
                  0.06    0.36    1.46 v _3661_/X (sky130_fd_sc_hd__or3_1)
     1    0.00                           _0691_ (net)
                  0.06    0.00    1.46 v _3662_/D (sky130_fd_sc_hd__or4_4)
                  0.11    0.49    1.95 v _3662_/X (sky130_fd_sc_hd__or4_4)
     1    0.02                           _0692_ (net)
                  0.11    0.00    1.95 v _3663_/A (sky130_fd_sc_hd__clkbuf_1)
                  0.02    0.12    2.07 v _3663_/X (sky130_fd_sc_hd__clkbuf_1)
     1    0.00                           net14 (net)
                  0.02    0.00    2.07 v output14/A (sky130_fd_sc_hd__buf_2)
                  0.09    0.18    2.25 v output14/X (sky130_fd_sc_hd__buf_2)
     1    0.03                           busy (net)
                  0.09    0.00    2.25 v busy (out)
                                  2.25   data arrival time

                         10.00   10.00   clock clock (rise edge)
                          0.00   10.00   clock network delay (propagated)
                         -0.25    9.75   clock uncertainty
                          0.00    9.75   clock reconvergence pessimism
                         -2.00    7.75   output external delay
                                  7.75   data required time
-----------------------------------------------------------------------------
                                  7.75   data required time
                                 -2.25   data arrival time
-----------------------------------------------------------------------------
                                  5.50   slack (MET)




===========================================================================
report_checks --slack_max -0.01
============================================================================
======================= Typical Corner ===================================

No paths found.


===========================================================================
 report_check_types -max_slew -max_cap -max_fanout -violators
============================================================================
======================= Typical Corner ===================================

max fanout

Pin                                   Limit Fanout  Slack
---------------------------------------------------------
clkbuf_leaf_2_clock/X                    10     17     -7 (VIOLATED)
clkbuf_leaf_38_clock/X                   10     17     -7 (VIOLATED)
clkbuf_leaf_8_clock/X                    10     17     -7 (VIOLATED)
clkbuf_leaf_13_clock/X                   10     16     -6 (VIOLATED)
clkbuf_leaf_21_clock/X                   10     16     -6 (VIOLATED)
clkbuf_leaf_49_clock/X                   10     16     -6 (VIOLATED)
clkbuf_leaf_9_clock/X                    10     16     -6 (VIOLATED)
clkbuf_leaf_24_clock/X                   10     15     -5 (VIOLATED)
clkbuf_leaf_0_clock/X                    10     12     -2 (VIOLATED)
clkbuf_leaf_47_clock/X                   10     12     -2 (VIOLATED)
clkbuf_leaf_4_clock/X                    10     12     -2 (VIOLATED)
clkbuf_leaf_56_clock/X                   10     12     -2 (VIOLATED)
clkbuf_leaf_5_clock/X                    10     12     -2 (VIOLATED)
clkbuf_leaf_10_clock/X                   10     11        (VIOLATED)
clkbuf_leaf_17_clock/X                   10     11        (VIOLATED)
clkbuf_leaf_20_clock/X                   10     11        (VIOLATED)
clkbuf_leaf_28_clock/X                   10     11        (VIOLATED)
clkbuf_leaf_32_clock/X                   10     11        (VIOLATED)
clkbuf_leaf_33_clock/X                   10     11        (VIOLATED)
clkbuf_leaf_37_clock/X                   10     11        (VIOLATED)
clkbuf_leaf_40_clock/X                   10     11        (VIOLATED)
clkbuf_leaf_45_clock/X                   10     11        (VIOLATED)
clkbuf_leaf_62_clock/X                   10     11        (VIOLATED)



===========================================================================
report_parasitic_annotation -report_unannotated
============================================================================
Found 2826 unannotated drivers.
 clock
 data_in[0]
 data_in[1]
 data_in[2]
 data_in[3]
 data_in[4]
 data_in[5]
 data_in[6]
 data_in[7]
 pkt_valid
 read_enb_0
 read_enb_1
 read_enb_2
 resetn
 _2107_/Y
 _2108_/X
 _2109_/X
 _2110_/X
 _2111_/Y
 _2112_/Y
 _2113_/X
 _2114_/Y
 _2115_/Y
 _2116_/X
 _2117_/X
 _2118_/X
 _2119_/X
 _2120_/X
 _2121_/Y
 _2122_/X
 _2123_/X
 _2124_/X
 _2125_/X
 _2126_/X
 _2127_/X
 _2128_/X
 _2129_/X
 _2130_/X
 _2131_/X
 _2132_/X
 _2133_/X
 _2134_/X
 _2135_/X
 _2136_/Y
 _2137_/X
 _2138_/X
 _2139_/X
 _2140_/X
 _2141_/X
 _2142_/X
 _2143_/X
 _2144_/X
 _2145_/X
 _2146_/X
 _2147_/X
 _2148_/X
 _2149_/X
 _2150_/X
 _2151_/Y
 _2152_/X
 _2153_/X
 _2154_/X
 _2155_/X
 _2156_/X
 _2157_/X
 _2158_/X
 _2159_/X
 _2160_/X
 _2161_/X
 _2162_/X
 _2163_/X
 _2164_/X
 _2165_/X
 _2166_/X
 _2167_/X
 _2168_/Y
 _2169_/X
 _2170_/X
 _2171_/X
 _2172_/Y
 _2173_/X
 _2174_/X
 _2175_/X
 _2176_/X
 _2177_/X
 _2178_/X
 _2179_/X
 _2180_/X
 _2181_/X
 _2182_/X
 _2183_/X
 _2184_/Y
 _2185_/X
 _2186_/X
 _2187_/X
 _2188_/X
 _2189_/X
 _2190_/X
 _2191_/X
 _2192_/X
 _2193_/X
 _2194_/X
 _2195_/X
 _2196_/X
 _2197_/X
 _2198_/X
 _2199_/X
 _2200_/X
 _2201_/Y
 _2202_/X
 _2203_/X
 _2204_/X
 _2205_/X
 _2206_/X
 _2207_/X
 _2208_/X
 _2209_/X
 _2210_/X
 _2211_/X
 _2212_/X
 _2213_/X
 _2214_/X
 _2215_/X
 _2216_/X
 _2217_/X
 _2218_/X
 _2219_/X
 _2220_/X
 _2221_/Y
 _2222_/X
 _2223_/X
 _2224_/X
 _2225_/X
 _2226_/X
 _2227_/X
 _2228_/X
 _2229_/X
 _2230_/X
 _2231_/X
 _2232_/X
 _2233_/X
 _2234_/X
 _2235_/X
 _2236_/X
 _2237_/Y
 _2238_/X
 _2239_/X
 _2240_/X
 _2241_/X
 _2242_/X
 _2243_/X
 _2244_/X
 _2245_/X
 _2246_/X
 _2247_/Y
 _2248_/X
 _2249_/X
 _2250_/X
 _2251_/X
 _2252_/X
 _2253_/X
 _2254_/X
 _2255_/Y
 _2256_/X
 _2257_/X
 _2258_/X
 _2259_/Y
 _2260_/X
 _2261_/X
 _2262_/X
 _2263_/Y
 _2264_/Y
 _2265_/Y
 _2266_/X
 _2267_/X
 _2268_/Y
 _2269_/Y
 _2270_/X
 _2271_/Y
 _2272_/Y
 _2273_/X
 _2274_/Y
 _2275_/X
 _2276_/X
 _2277_/X
 _2278_/X
 _2279_/X
 _2280_/X
 _2281_/X
 _2282_/X
 _2283_/Y
 _2284_/Y
 _2285_/Y
 _2286_/Y
 _2287_/Y
 _2288_/X
 _2289_/X
 _2290_/X
 _2291_/X
 _2292_/Y
 _2293_/X
 _2294_/X
 _2295_/X
 _2296_/X
 _2297_/X
 _2298_/Y
 _2299_/X
 _2300_/X
 _2301_/X
 _2302_/X
 _2303_/Y
 _2304_/X
 _2305_/Y
 _2306_/Y
 _2307_/X
 _2308_/X
 _2309_/Y
 _2310_/X
 _2311_/Y
 _2312_/X
 _2313_/Y
 _2314_/Y
 _2315_/Y
 _2316_/X
 _2317_/Y
 _2318_/X
 _2319_/Y
 _2320_/X
 _2321_/X
 _2322_/Y
 _2323_/X
 _2324_/Y
 _2325_/X
 _2326_/X
 _2327_/Y
 _2328_/X
 _2329_/Y
 _2330_/Y
 _2331_/Y
 _2332_/X
 _2333_/X
 _2334_/X
 _2335_/Y
 _2336_/X
 _2337_/Y
 _2338_/X
 _2339_/Y
 _2340_/Y
 _2341_/X
 _2342_/Y
 _2343_/X
 _2344_/Y
 _2345_/X
 _2346_/X
 _2347_/Y
 _2348_/X
 _2349_/Y
 _2350_/X
 _2351_/Y
 _2352_/Y
 _2353_/X
 _2354_/Y
 _2355_/X
 _2356_/Y
 _2357_/X
 _2358_/X
 _2359_/Y
 _2360_/X
 _2361_/Y
 _2362_/X
 _2363_/Y
 _2364_/X
 _2365_/Y
 _2366_/X
 _2367_/Y
 _2368_/Y
 _2369_/Y
 _2370_/Y
 _2371_/X
 _2372_/X
 _2373_/X
 _2374_/Y
 _2375_/X
 _2376_/Y
 _2377_/X
 _2378_/Y
 _2379_/Y
 _2380_/X
 _2381_/Y
 _2382_/X
 _2383_/Y
 _2384_/X
 _2385_/X
 _2386_/Y
 _2387_/X
 _2388_/Y
 _2389_/X
 _2390_/Y
 _2391_/X
 _2392_/Y
 _2393_/X
 _2394_/Y
 _2395_/Y
 _2396_/Y
 _2397_/Y
 _2398_/Y
 _2399_/Y
 _2400_/X
 _2401_/Y
 _2402_/X
 _2403_/Y
 _2404_/X
 _2405_/Y
 _2406_/Y
 _2407_/Y
 _2408_/X
 _2409_/Y
 _2410_/X
 _2411_/X
 _2412_/Y
 _2413_/Y
 _2414_/Y
 _2415_/Y
 _2416_/Y
 _2417_/Y
 _2418_/Y
 _2419_/Y
 _2420_/Y
 _2421_/Y
 _2422_/Y
 _2423_/Y
 _2424_/Y
 _2425_/X
 _2426_/X
 _2427_/Y
 _2428_/X
 _2429_/Y
 _2430_/Y
 _2431_/Y
 _2432_/X
 _2433_/Y
 _2434_/Y
 _2435_/X
 _2436_/X
 _2437_/X
 _2438_/Y
 _2439_/Y
 _2440_/Y
 _2441_/X
 _2442_/Y
 _2443_/Y
 _2444_/Y
 _2445_/X
 _2446_/X
 _2447_/X
 _2448_/Y
 _2449_/X
 _2450_/Y
 _2451_/Y
 _2452_/X
 _2453_/X
 _2454_/X
 _2455_/X
 _2456_/Y
 _2457_/Y
 _2458_/X
 _2459_/Y
 _2460_/X
 _2461_/Y
 _2462_/Y
 _2463_/X
 _2464_/X
 _2465_/Y
 _2466_/Y
 _2467_/Y
 _2468_/Y
 _2469_/Y
 _2470_/Y
 _2471_/X
 _2472_/Y
 _2473_/Y
 _2474_/Y
 _2475_/X
 _2476_/Y
 _2477_/X
 _2478_/X
 _2479_/Y
 _2480_/Y
 _2481_/X
 _2482_/Y
 _2483_/Y
 _2484_/X
 _2485_/Y
 _2486_/Y
 _2487_/X
 _2488_/X
 _2489_/Y
 _2490_/X
 _2491_/Y
 _2492_/Y
 _2493_/Y
 _2494_/X
 _2495_/Y
 _2496_/X
 _2497_/X
 _2498_/Y
 _2499_/X
 _2500_/Y
 _2501_/X
 _2502_/X
 _2503_/Y
 _2504_/Y
 _2505_/X
 _2506_/Y
 _2507_/Y
 _2508_/Y
 _2509_/X
 _2510_/Y
 _2511_/Y
 _2512_/X
 _2513_/X
 _2514_/X
 _2515_/Y
 _2516_/Y
 _2517_/Y
 _2518_/Y
 _2519_/Y
 _2520_/Y
 _2521_/Y
 _2522_/X
 _2523_/X
 _2524_/Y
 _2525_/Y
 _2526_/Y
 _2527_/X
 _2528_/X
 _2529_/X
 _2530_/X
 _2531_/Y
 _2532_/X
 _2533_/X
 _2534_/X
 _2535_/X
 _2536_/X
 _2537_/X
 _2538_/X
 _2539_/X
 _2540_/Y
 _2541_/X
 _2542_/X
 _2543_/X
 _2544_/X
 _2545_/X
 _2546_/X
 _2547_/X
 _2548_/X
 _2549_/X
 _2550_/X
 _2551_/X
 _2552_/X
 _2553_/X
 _2554_/X
 _2555_/X
 _2556_/X
 _2557_/X
 _2558_/X
 _2559_/X
 _2560_/X
 _2561_/X
 _2562_/Y
 _2563_/X
 _2564_/X
 _2565_/X
 _2566_/X
 _2567_/X
 _2568_/X
 _2569_/X
 _2570_/X
 _2571_/X
 _2572_/X
 _2573_/Y
 _2574_/X
 _2575_/X
 _2576_/X
 _2577_/X
 _2578_/X
 _2579_/X
 _2580_/X
 _2581_/X
 _2582_/X
 _2583_/X
 _2584_/Y
 _2585_/X
 _2586_/X
 _2587_/X
 _2588_/X
 _2589_/X
 _2590_/X
 _2591_/X
 _2592_/X
 _2593_/X
 _2594_/Y
 _2595_/X
 _2596_/X
 _2597_/X
 _2598_/X
 _2599_/X
 _2600_/X
 _2601_/X
 _2602_/X
 _2603_/X
 _2604_/X
 _2605_/X
 _2606_/X
 _2607_/X
 _2608_/X
 _2609_/X
 _2610_/X
 _2611_/X
 _2612_/X
 _2613_/X
 _2614_/X
 _2615_/X
 _2616_/X
 _2617_/X
 _2618_/X
 _2619_/Y
 _2620_/X
 _2621_/X
 _2622_/X
 _2623_/X
 _2624_/X
 _2625_/X
 _2626_/X
 _2627_/X
 _2628_/X
 _2629_/X
 _2630_/X
 _2631_/X
 _2632_/X
 _2633_/X
 _2634_/X
 _2635_/Y
 _2636_/X
 _2637_/X
 _2638_/X
 _2639_/X
 _2640_/X
 _2641_/X
 _2642_/X
 _2643_/X
 _2644_/X
 _2645_/X
 _2646_/X
 _2647_/X
 _2648_/X
 _2649_/X
 _2650_/X
 _2651_/X
 _2652_/X
 _2653_/X
 _2654_/X
 _2655_/X
 _2656_/X
 _2657_/X
 _2658_/Y
 _2659_/X
 _2660_/X
 _2661_/X
 _2662_/X
 _2663_/X
 _2664_/X
 _2665_/X
 _2666_/X
 _2667_/X
 _2668_/X
 _2669_/X
 _2670_/Y
 _2671_/X
 _2672_/X
 _2673_/X
 _2674_/X
 _2675_/X
 _2676_/X
 _2677_/X
 _2678_/X
 _2679_/X
 _2680_/Y
 _2681_/X
 _2682_/X
 _2683_/X
 _2684_/X
 _2685_/X
 _2686_/X
 _2687_/X
 _2688_/X
 _2689_/X
 _2690_/X
 _2691_/X
 _2692_/X
 _2693_/X
 _2694_/X
 _2695_/X
 _2696_/X
 _2697_/X
 _2698_/X
 _2699_/X
 _2700_/X
 _2701_/X
 _2702_/X
 _2703_/X
 _2704_/X
 _2705_/X
 _2706_/X
 _2707_/X
 _2708_/X
 _2709_/X
 _2710_/X
 _2711_/X
 _2712_/Y
 _2713_/X
 _2714_/X
 _2715_/X
 _2716_/X
 _2717_/X
 _2718_/X
 _2719_/X
 _2720_/X
 _2721_/X
 _2722_/X
 _2723_/X
 _2724_/X
 _2725_/X
 _2726_/Y
 _2727_/X
 _2728_/X
 _2729_/X
 _2730_/X
 _2731_/X
 _2732_/X
 _2733_/X
 _2734_/X
 _2735_/X
 _2736_/X
 _2737_/X
 _2738_/Y
 _2739_/X
 _2740_/X
 _2741_/X
 _2742_/X
 _2743_/X
 _2744_/X
 _2745_/X
 _2746_/X
 _2747_/X
 _2748_/X
 _2749_/X
 _2750_/Y
 _2751_/X
 _2752_/X
 _2753_/X
 _2754_/X
 _2755_/X
 _2756_/X
 _2757_/X
 _2758_/X
 _2759_/X
 _2760_/X
 _2761_/X
 _2762_/Y
 _2763_/X
 _2764_/X
 _2765_/X
 _2766_/X
 _2767_/X
 _2768_/X
 _2769_/X
 _2770_/X
 _2771_/X
 _2772_/Y
 _2773_/X
 _2774_/X
 _2775_/X
 _2776_/X
 _2777_/X
 _2778_/Y
 _2779_/X
 _2780_/X
 _2781_/X
 _2782_/Y
 _2783_/Y
 _2784_/X
 _2785_/X
 _2786_/Y
 _2787_/Y
 _2788_/X
 _2789_/Y
 _2790_/Y
 _2791_/Y
 _2792_/X
 _2793_/X
 _2794_/X
 _2795_/Y
 _2796_/Y
 _2797_/X
 _2798_/Y
 _2799_/Y
 _2800_/X
 _2801_/Y
 _2802_/X
 _2803_/X
 _2804_/X
 _2805_/X
 _2806_/X
 _2807_/X
 _2808_/X
 _2809_/X
 _2810_/X
 _2811_/X
 _2812_/X
 _2813_/X
 _2814_/X
 _2815_/X
 _2816_/X
 _2817_/X
 _2818_/X
 _2819_/X
 _2820_/X
 _2821_/X
 _2822_/X
 _2823_/X
 _2824_/X
 _2825_/X
 _2826_/X
 _2827_/X
 _2828_/Y
 _2829_/X
 _2830_/X
 _2831_/Y
 _2832_/X
 _2833_/X
 _2834_/X
 _2835_/X
 _2836_/X
 _2837_/Y
 _2838_/Y
 _2839_/X
 _2840_/Y
 _2841_/X
 _2842_/X
 _2843_/Y
 _2844_/X
 _2845_/X
 _2846_/Y
 _2847_/Y
 _2848_/X
 _2849_/Y
 _2850_/X
 _2851_/X
 _2852_/X
 _2853_/Y
 _2854_/Y
 _2855_/Y
 _2856_/X
 _2857_/Y
 _2858_/Y
 _2859_/Y
 _2860_/Y
 _2861_/X
 _2862_/X
 _2863_/X
 _2864_/X
 _2865_/Y
 _2866_/Y
 _2867_/Y
 _2868_/Y
 _2869_/Y
 _2870_/X
 _2871_/X
 _2872_/X
 _2873_/X
 _2874_/Y
 _2875_/X
 _2876_/X
 _2877_/X
 _2878_/Y
 _2879_/X
 _2880_/Y
 _2881_/X
 _2882_/Y
 _2883_/Y
 _2884_/X
 _2885_/Y
 _2886_/Y
 _2887_/X
 _2888_/Y
 _2889_/Y
 _2890_/X
 _2891_/Y
 _2892_/X
 _2893_/Y
 _2894_/Y
 _2895_/X
 _2896_/Y
 _2897_/X
 _2898_/Y
 _2899_/X
 _2900_/X
 _2901_/Y
 _2902_/X
 _2903_/Y
 _2904_/Y
 _2905_/Y
 _2906_/X
 _2907_/Y
 _2908_/X
 _2909_/Y
 _2910_/X
 _2911_/Y
 _2912_/Y
 _2913_/X
 _2914_/X
 _2915_/X
 _2916_/X
 _2917_/Y
 _2918_/X
 _2919_/X
 _2920_/Y
 _2921_/X
 _2922_/Y
 _2923_/X
 _2924_/Y
 _2925_/Y
 _2926_/Y
 _2927_/X
 _2928_/Y
 _2929_/X
 _2930_/Y
 _2931_/X
 _2932_/Y
 _2933_/X
 _2934_/Y
 _2935_/X
 _2936_/Y
 _2937_/X
 _2938_/Y
 _2939_/Y
 _2940_/X
 _2941_/Y
 _2942_/X
 _2943_/Y
 _2944_/X
 _2945_/Y
 _2946_/X
 _2947_/Y
 _2948_/X
 _2949_/Y
 _2950_/Y
 _2951_/Y
 _2952_/Y
 _2953_/Y
 _2954_/Y
 _2955_/Y
 _2956_/Y
 _2957_/Y
 _2958_/X
 _2959_/Y
 _2960_/X
 _2961_/X
 _2962_/Y
 _2963_/Y
 _2964_/Y
 _2965_/Y
 _2966_/X
 _2967_/Y
 _2968_/Y
 _2969_/Y
 _2970_/Y
 _2971_/X
 _2972_/Y
 _2973_/X
 _2974_/Y
 _2975_/Y
 _2976_/X
 _2977_/Y
 _2978_/X
 _2979_/Y
 _2980_/Y
 _2981_/Y
 _2982_/Y
 _2983_/Y
 _2984_/Y
 _2985_/Y
 _2986_/Y
 _2987_/Y
 _2988_/Y
 _2989_/Y
 _2990_/Y
 _2991_/X
 _2992_/Y
 _2993_/Y
 _2994_/Y
 _2995_/Y
 _2996_/Y
 _2997_/X
 _2998_/X
 _2999_/Y
 _3000_/X
 _3001_/X
 _3002_/Y
 _3003_/X
 _3004_/X
 _3005_/Y
 _3006_/X
 _3007_/Y
 _3008_/Y
 _3009_/Y
 _3010_/Y
 _3011_/Y
 _3012_/X
 _3013_/Y
 _3014_/Y
 _3015_/Y
 _3016_/X
 _3017_/X
 _3018_/Y
 _3019_/Y
 _3020_/Y
 _3021_/Y
 _3022_/Y
 _3023_/Y
 _3024_/X
 _3025_/Y
 _3026_/X
 _3027_/Y
 _3028_/X
 _3029_/Y
 _3030_/X
 _3031_/Y
 _3032_/Y
 _3033_/Y
 _3034_/X
 _3035_/X
 _3036_/Y
 _3037_/Y
 _3038_/X
 _3039_/Y
 _3040_/X
 _3041_/Y
 _3042_/Y
 _3043_/Y
 _3044_/Y
 _3045_/X
 _3046_/Y
 _3047_/X
 _3048_/Y
 _3049_/X
 _3050_/X
 _3051_/X
 _3052_/X
 _3053_/X
 _3054_/X
 _3055_/X
 _3056_/X
 _3057_/X
 _3058_/X
 _3059_/X
 _3060_/X
 _3061_/X
 _3062_/X
 _3063_/X
 _3064_/X
 _3065_/X
 _3066_/X
 _3067_/Y
 _3068_/X
 _3069_/X
 _3070_/X
 _3071_/X
 _3072_/X
 _3073_/X
 _3074_/X
 _3075_/X
 _3076_/X
 _3077_/X
 _3078_/Y
 _3079_/X
 _3080_/X
 _3081_/X
 _3082_/X
 _3083_/X
 _3084_/X
 _3085_/X
 _3086_/X
 _3087_/X
 _3088_/X
 _3089_/X
 _3090_/X
 _3091_/X
 _3092_/X
 _3093_/X
 _3094_/X
 _3095_/X
 _3096_/X
 _3097_/X
 _3098_/X
 _3099_/X
 _3100_/X
 _3101_/Y
 _3102_/X
 _3103_/X
 _3104_/X
 _3105_/X
 _3106_/X
 _3107_/X
 _3108_/X
 _3109_/X
 _3110_/X
 _3111_/X
 _3112_/X
 _3113_/X
 _3114_/X
 _3115_/X
 _3116_/X
 _3117_/X
 _3118_/X
 _3119_/X
 _3120_/X
 _3121_/X
 _3122_/X
 _3123_/X
 _3124_/X
 _3125_/Y
 _3126_/X
 _3127_/X
 _3128_/X
 _3129_/X
 _3130_/X
 _3131_/X
 _3132_/X
 _3133_/X
 _3134_/X
 _3135_/X
 _3136_/X
 _3137_/X
 _3138_/X
 _3139_/X
 _3140_/X
 _3141_/X
 _3142_/X
 _3143_/X
 _3144_/X
 _3145_/Y
 _3146_/X
 _3147_/X
 _3148_/Y
 _3149_/Y
 _3150_/X
 _3151_/X
 _3152_/X
 _3153_/X
 _3154_/X
 _3155_/X
 _3156_/X
 _3157_/X
 _3158_/X
 _3159_/X
 _3160_/Y
 _3161_/X
 _3162_/X
 _3163_/X
 _3164_/X
 _3165_/X
 _3166_/X
 _3167_/X
 _3168_/X
 _3169_/X
 _3170_/X
 _3171_/X
 _3172_/X
 _3173_/X
 _3174_/X
 _3175_/X
 _3176_/X
 _3177_/X
 _3178_/X
 _3179_/Y
 _3180_/X
 _3181_/X
 _3182_/X
 _3183_/X
 _3184_/Y
 _3185_/X
 _3186_/X
 _3187_/X
 _3188_/X
 _3189_/X
 _3190_/X
 _3191_/X
 _3192_/X
 _3193_/X
 _3194_/X
 _3195_/X
 _3196_/X
 _3197_/X
 _3198_/X
 _3199_/Y
 _3200_/X
 _3201_/X
 _3202_/X
 _3203_/Y
 _3204_/Y
 _3205_/X
 _3206_/Y
 _3207_/X
 _3208_/X
 _3209_/X
 _3210_/Y
 _3211_/X
 _3212_/X
 _3213_/Y
 _3214_/X
 _3215_/Y
 _3216_/X
 _3217_/Y
 _3218_/X
 _3219_/X
 _3220_/Y
 _3221_/X
 _3222_/X
 _3223_/Y
 _3224_/Y
 _3225_/Y
 _3226_/Y
 _3227_/X
 _3228_/Y
 _3229_/Y
 _3230_/Y
 _3231_/Y
 _3232_/X
 _3233_/X
 _3234_/Y
 _3235_/X
 _3236_/Y
 _3237_/Y
 _3238_/Y
 _3239_/Y
 _3240_/Y
 _3241_/Y
 _3242_/Y
 _3243_/Y
 _3244_/Y
 _3245_/Y
 _3246_/Y
 _3247_/Y
 _3248_/Y
 _3249_/Y
 _3250_/Y
 _3251_/X
 _3252_/Y
 _3253_/X
 _3254_/X
 _3255_/Y
 _3256_/Y
 _3257_/Y
 _3258_/Y
 _3259_/Y
 _3260_/Y
 _3261_/Y
 _3262_/Y
 _3263_/X
 _3264_/X
 _3265_/X
 _3266_/X
 _3267_/Y
 _3268_/X
 _3269_/Y
 _3270_/X
 _3271_/X
 _3272_/Y
 _3273_/X
 _3274_/Y
 _3275_/X
 _3276_/Y
 _3277_/X
 _3278_/Y
 _3279_/X
 _3280_/Y
 _3281_/X
 _3282_/X
 _3283_/Y
 _3284_/X
 _3285_/Y
 _3286_/X
 _3287_/Y
 _3288_/X
 _3289_/X
 _3290_/Y
 _3291_/Y
 _3292_/Y
 _3293_/Y
 _3294_/Y
 _3295_/Y
 _3296_/X
 _3297_/Y
 _3298_/X
 _3299_/Y
 _3300_/X
 _3301_/X
 _3302_/Y
 _3303_/Y
 _3304_/X
 _3305_/Y
 _3306_/Y
 _3307_/X
 _3308_/X
 _3309_/Y
 _3310_/X
 _3311_/Y
 _3312_/Y
 _3313_/Y
 _3314_/Y
 _3315_/X
 _3316_/X
 _3317_/X
 _3318_/Y
 _3319_/X
 _3320_/Y
 _3321_/Y
 _3322_/Y
 _3323_/X
 _3324_/Y
 _3325_/X
 _3326_/X
 _3327_/Y
 _3328_/X
 _3329_/Y
 _3330_/X
 _3331_/Y
 _3332_/X
 _3333_/X
 _3334_/Y
 _3335_/X
 _3336_/Y
 _3337_/X
 _3338_/Y
 _3339_/X
 _3340_/X
 _3341_/Y
 _3342_/X
 _3343_/Y
 _3344_/X
 _3345_/X
 _3346_/Y
 _3347_/X
 _3348_/Y
 _3349_/Y
 _3350_/Y
 _3351_/Y
 _3352_/X
 _3353_/X
 _3354_/Y
 _3355_/X
 _3356_/X
 _3357_/X
 _3358_/X
 _3359_/X
 _3360_/X
 _3361_/X
 _3362_/X
 _3363_/Y
 _3364_/X
 _3365_/X
 _3366_/Y
 _3367_/X
 _3368_/X
 _3369_/X
 _3370_/X
 _3371_/X
 _3372_/X
 _3373_/Y
 _3374_/Y
 _3375_/X
 _3376_/X
 _3377_/X
 _3378_/X
 _3379_/X
 _3380_/X
 _3381_/X
 _3382_/X
 _3383_/X
 _3384_/X
 _3385_/X
 _3386_/X
 _3387_/X
 _3388_/X
 _3389_/X
 _3390_/X
 _3391_/X
 _3392_/X
 _3393_/X
 _3394_/X
 _3395_/X
 _3396_/X
 _3397_/X
 _3398_/X
 _3399_/X
 _3400_/X
 _3401_/X
 _3402_/X
 _3403_/Y
 _3404_/X
 _3405_/Y
 _3406_/X
 _3407_/X
 _3408_/Y
 _3409_/X
 _3410_/Y
 _3411_/Y
 _3412_/X
 _3413_/X
 _3414_/Y
 _3415_/X
 _3416_/Y
 _3417_/Y
 _3418_/Y
 _3419_/Y
 _3420_/X
 _3421_/X
 _3422_/Y
 _3423_/X
 _3424_/Y
 _3425_/X
 _3426_/X
 _3427_/Y
 _3428_/Y
 _3429_/Y
 _3430_/Y
 _3431_/X
 _3432_/X
 _3433_/Y
 _3434_/X
 _3435_/Y
 _3436_/Y
 _3437_/Y
 _3438_/X
 _3439_/X
 _3440_/Y
 _3441_/Y
 _3442_/Y
 _3443_/Y
 _3444_/X
 _3445_/Y
 _3446_/Y
 _3447_/X
 _3448_/X
 _3449_/Y
 _3450_/X
 _3451_/Y
 _3452_/Y
 _3453_/Y
 _3454_/Y
 _3455_/X
 _3456_/Y
 _3457_/X
 _3458_/X
 _3459_/Y
 _3460_/Y
 _3461_/X
 _3462_/Y
 _3463_/X
 _3464_/Y
 _3465_/Y
 _3466_/Y
 _3467_/X
 _3468_/Y
 _3469_/Y
 _3470_/Y
 _3471_/X
 _3472_/X
 _3473_/X
 _3474_/X
 _3475_/X
 _3476_/X
 _3477_/X
 _3478_/X
 _3479_/X
 _3480_/X
 _3481_/X
 _3482_/X
 _3483_/X
 _3484_/X
 _3485_/X
 _3486_/X
 _3487_/X
 _3488_/X
 _3489_/X
 _3490_/X
 _3491_/X
 _3492_/X
 _3493_/X
 _3494_/X
 _3495_/X
 _3496_/X
 _3497_/Y
 _3498_/X
 _3499_/X
 _3500_/X
 _3501_/X
 _3502_/X
 _3503_/X
 _3504_/X
 _3505_/X
 _3506_/X
 _3507_/X
 _3508_/X
 _3509_/X
 _3510_/X
 _3511_/X
 _3512_/X
 _3513_/X
 _3514_/X
 _3515_/X
 _3516_/X
 _3517_/X
 _3518_/X
 _3519_/X
 _3520_/X
 _3521_/X
 _3522_/X
 _3523_/X
 _3524_/X
 _3525_/X
 _3526_/X
 _3527_/Y
 _3528_/X
 _3529_/Y
 _3530_/X
 _3531_/Y
 _3532_/X
 _3533_/X
 _3534_/X
 _3535_/X
 _3536_/Y
 _3537_/X
 _3538_/Y
 _3539_/X
 _3540_/X
 _3541_/Y
 _3542_/X
 _3543_/X
 _3544_/X
 _3545_/Y
 _3546_/X
 _3547_/X
 _3548_/X
 _3549_/X
 _3550_/X
 _3551_/X
 _3552_/X
 _3553_/X
 _3554_/X
 _3555_/X
 _3556_/Y
 _3557_/X
 _3558_/X
 _3559_/X
 _3560_/X
 _3561_/X
 _3562_/X
 _3563_/X
 _3564_/X
 _3565_/X
 _3566_/X
 _3567_/Y
 _3568_/X
 _3569_/Y
 _3570_/X
 _3571_/X
 _3572_/Y
 _3573_/X
 _3574_/X
 _3575_/Y
 _3576_/X
 _3577_/X
 _3578_/Y
 _3579_/X
 _3580_/X
 _3581_/X
 _3582_/Y
 _3583_/X
 _3584_/Y
 _3585_/X
 _3586_/X
 _3587_/Y
 _3588_/Y
 _3589_/X
 _3590_/Y
 _3591_/Y
 _3592_/Y
 _3593_/X
 _3594_/X
 _3595_/Y
 _3596_/Y
 _3597_/Y
 _3598_/X
 _3599_/X
 _3600_/X
 _3601_/X
 _3602_/X
 _3603_/Y
 _3604_/X
 _3605_/X
 _3606_/X
 _3607_/X
 _3608_/X
 _3609_/Y
 _3610_/X
 _3611_/Y
 _3612_/X
 _3613_/X
 _3614_/X
 _3615_/X
 _3616_/X
 _3617_/X
 _3618_/X
 _3619_/Y
 _3620_/X
 _3621_/X
 _3622_/X
 _3623_/X
 _3624_/Y
 _3625_/Y
 _3626_/X
 _3627_/X
 _3628_/Y
 _3629_/Y
 _3630_/Y
 _3631_/Y
 _3632_/Y
 _3633_/X
 _3634_/X
 _3635_/X
 _3636_/X
 _3637_/X
 _3638_/Y
 _3639_/Y
 _3640_/Y
 _3641_/X
 _3642_/X
 _3643_/Y
 _3644_/Y
 _3645_/Y
 _3646_/X
 _3647_/X
 _3648_/Y
 _3649_/X
 _3650_/X
 _3651_/X
 _3652_/X
 _3653_/Y
 _3654_/X
 _3655_/Y
 _3656_/Y
 _3657_/Y
 _3658_/X
 _3659_/X
 _3660_/X
 _3661_/X
 _3662_/X
 _3663_/X
 _3664_/X
 _3665_/X
 _3666_/X
 _3667_/X
 _3668_/X
 _3669_/Y
 _3670_/X
 _3671_/X
 _3672_/Y
 _3673_/X
 _3674_/Y
 _3675_/X
 _3676_/Y
 _3677_/Y
 _3678_/X
 _3679_/Y
 _3680_/X
 _3681_/Y
 _3682_/X
 _3683_/X
 _3684_/X
 _3685_/Y
 _3686_/X
 _3687_/X
 _3688_/Y
 _3689_/X
 _3690_/Y
 _3691_/X
 _3692_/X
 _3693_/X
 _3694_/X
 _3695_/X
 _3696_/Y
 _3697_/X
 _3698_/X
 _3699_/X
 _3700_/X
 _3701_/Y
 _3702_/Y
 _3703_/X
 _3704_/X
 _3705_/X
 _3706_/X
 _3707_/Y
 _3708_/X
 _3709_/X
 _3710_/X
 _3711_/X
 _3712_/X
 _3713_/X
 _3714_/X
 _3715_/X
 _3716_/X
 _3717_/X
 _3718_/X
 _3719_/X
 _3720_/X
 _3721_/X
 _3722_/X
 _3723_/X
 _3724_/X
 _3725_/X
 _3726_/X
 _3727_/X
 _3728_/X
 _3729_/X
 _3730_/X
 _3731_/X
 _3732_/X
 _3733_/X
 _3734_/X
 _3735_/X
 _3736_/X
 _3737_/X
 _3738_/Y
 _3739_/Y
 _3740_/Y
 _3741_/Y
 _3742_/X
 _3743_/X
 _3744_/Y
 _3745_/X
 _3746_/Y
 _3747_/X
 _3748_/X
 _3749_/X
 _3750_/X
 _3751_/X
 _3752_/X
 _3753_/X
 _3754_/X
 _3755_/X
 _3756_/X
 _3757_/X
 _3758_/X
 _3759_/X
 _3760_/X
 _3761_/X
 _3762_/X
 _3763_/X
 _3764_/X
 _3765_/X
 _3766_/X
 _3767_/X
 _3768_/X
 _3769_/X
 _3770_/Y
 _3771_/Y
 _3772_/X
 _3773_/X
 _3774_/X
 _3775_/X
 _3776_/Y
 _3777_/X
 _3778_/X
 _3779_/X
 _3780_/X
 _3781_/X
 _3782_/Y
 _3783_/X
 _3784_/X
 _3785_/X
 _3786_/X
 _3787_/X
 _3788_/X
 _3789_/X
 _3790_/X
 _3791_/X
 _3792_/X
 _3793_/X
 _3794_/X
 _3795_/X
 _3796_/X
 _3797_/X
 _3798_/X
 _3799_/X
 _3800_/X
 _3801_/X
 _3802_/X
 _3803_/X
 _3804_/X
 _3805_/X
 _3806_/X
 _3807_/X
 _3808_/Y
 _3809_/X
 _3810_/X
 _3811_/X
 _3812_/X
 _3813_/X
 _3814_/X
 _3815_/X
 _3816_/X
 _3817_/X
 _3818_/X
 _3819_/X
 _3820_/X
 _3821_/X
 _3822_/X
 _3823_/X
 _3824_/X
 _3825_/X
 _3826_/X
 _3827_/X
 _3828_/X
 _3829_/X
 _3830_/X
 _3831_/X
 _3832_/X
 _3833_/X
 _3834_/X
 _3835_/X
 _3836_/X
 _3837_/X
 _3838_/X
 _3839_/X
 _3840_/X
 _3841_/Y
 _3842_/Y
 _3843_/Y
 _3844_/Y
 _3845_/X
 _3846_/X
 _3847_/Y
 _3848_/X
 _3849_/Y
 _3850_/X
 _3851_/X
 _3852_/X
 _3853_/X
 _3854_/X
 _3855_/X
 _3856_/X
 _3857_/X
 _3858_/X
 _3859_/X
 _3860_/X
 _3861_/X
 _3862_/X
 _3863_/X
 _3864_/X
 _3865_/X
 _3866_/X
 _3867_/X
 _3868_/X
 _3869_/X
 _3870_/X
 _3871_/X
 _3872_/X
 _3873_/X
 _3874_/X
 _3875_/Y
 _3876_/Y
 _3877_/Y
 _3878_/X
 _3879_/Y
 _3880_/X
 _3881_/X
 _3882_/X
 _3883_/X
 _3884_/X
 _3885_/X
 _3886_/X
 _3887_/X
 _3888_/X
 _3889_/X
 _3890_/X
 _3891_/X
 _3892_/X
 _3893_/X
 _3894_/X
 _3895_/X
 _3896_/X
 _3897_/X
 _3898_/X
 _3899_/X
 _3900_/X
 _3901_/X
 _3902_/X
 _3903_/Y
 _3904_/X
 _3905_/X
 _3906_/X
 _3907_/X
 _3908_/X
 _3909_/X
 _3910_/X
 _3911_/X
 _3912_/X
 _3913_/X
 _3914_/X
 _3915_/Y
 _3916_/Y
 _3917_/Y
 _3918_/X
 _3919_/X
 _3920_/Y
 _3921_/Y
 _3922_/X
 _3923_/Y
 _3924_/X
 _3925_/Y
 _3926_/X
 _3927_/X
 _3928_/X
 _3929_/Y
 _3930_/X
 _3931_/X
 _3932_/X
 _3933_/X
 _3934_/X
 _3935_/X
 _3936_/X
 _3937_/Y
 _3938_/Y
 _3939_/X
 _3940_/X
 _3941_/X
 _3942_/Y
 _3943_/X
 _3944_/X
 _3945_/Y
 _3946_/X
 _3947_/X
 _3948_/X
 _3949_/X
 _3950_/X
 _3951_/X
 _3952_/X
 _3953_/Y
 _3954_/X
 _3955_/X
 _3956_/Y
 _3957_/X
 _3958_/Y
 _3959_/Y
 _3960_/Y
 _3961_/X
 _3962_/X
 _3963_/X
 _3964_/X
 _3965_/X
 _3966_/X
 _3967_/X
 _3968_/X
 _3969_/X
 _3970_/X
 _3971_/X
 _3972_/X
 _3973_/X
 _3974_/X
 _3975_/X
 _3976_/X
 _3977_/X
 _3978_/X
 _3979_/X
 _3980_/Y
 _3981_/X
 _3982_/X
 _3983_/X
 _3984_/X
 _3985_/X
 _3986_/X
 _3987_/X
 _3988_/Y
 _3989_/X
 _3990_/X
 _3991_/X
 _3992_/X
 _3993_/X
 _3994_/X
 _3995_/X
 _3996_/X
 _3997_/X
 _3998_/X
 _3999_/X
 _4000_/X
 _4001_/X
 _4002_/X
 _4003_/X
 _4004_/X
 _4005_/X
 _4006_/X
 _4007_/X
 _4008_/X
 _4009_/Y
 _4010_/X
 _4011_/X
 _4012_/X
 _4013_/X
 _4014_/X
 _4015_/X
 _4016_/X
 _4017_/X
 _4018_/X
 _4019_/X
 _4020_/X
 _4021_/X
 _4022_/X
 _4023_/X
 _4024_/X
 _4025_/X
 _4026_/X
 _4027_/X
 _4028_/X
 _4029_/X
 _4030_/X
 _4031_/X
 _4032_/X
 _4033_/Y
 _4034_/X
 _4035_/X
 _4036_/X
 _4037_/X
 _4038_/X
 _4039_/X
 _4040_/X
 _4041_/X
 _4042_/X
 _4043_/X
 _4044_/X
 _4045_/X
 _4046_/X
 _4047_/X
 _4048_/X
 _4049_/X
 _4050_/X
 _4051_/X
 _4052_/X
 _4053_/X
 _4054_/X
 _4055_/X
 _4056_/Y
 _4057_/X
 _4058_/X
 _4059_/X
 _4060_/Y
 _4061_/X
 _4062_/X
 _4063_/X
 _4064_/X
 _4065_/X
 _4066_/X
 _4067_/X
 _4068_/X
 _4069_/X
 _4070_/X
 _4071_/X
 _4072_/X
 _4073_/X
 _4074_/X
 _4075_/X
 _4076_/X
 _4077_/X
 _4078_/X
 _4079_/X
 _4080_/X
 _4081_/X
 _4082_/X
 _4083_/Y
 _4084_/X
 _4085_/Y
 _4086_/X
 _4087_/Y
 _4088_/X
 _4089_/X
 _4090_/X
 _4091_/X
 _4092_/Y
 _4093_/X
 _4094_/Y
 _4095_/X
 _4096_/X
 _4097_/Y
 _4098_/X
 _4099_/Y
 _4100_/X
 _4101_/X
 _4102_/X
 _4103_/Y
 _4104_/X
 _4105_/Y
 _4106_/X
 _4107_/X
 _4108_/Y
 _4109_/X
 _4110_/Y
 _4111_/X
 _4112_/X
 _4113_/Y
 _4114_/X
 _4115_/Y
 _4116_/X
 _4117_/X
 _4118_/Y
 _4119_/X
 _4120_/Y
 _4121_/X
 _4122_/X
 _4123_/Y
 _4124_/X
 _4125_/Y
 _4126_/X
 _4127_/X
 _4128_/Y
 _4129_/Y
 _4130_/Y
 _4131_/X
 _4132_/X
 _4133_/X
 _4134_/X
 _4135_/X
 _4136_/X
 _4137_/X
 _4138_/X
 _4139_/X
 _4140_/X
 _4141_/X
 _4142_/X
 _4143_/X
 _4144_/X
 _4145_/X
 _4146_/X
 _4147_/X
 _4148_/X
 _4149_/X
 _4150_/Y
 _4151_/X
 _4152_/X
 _4153_/X
 _4154_/X
 _4155_/Y
 _4156_/X
 _4157_/X
 _4158_/Y
 _4159_/X
 _4160_/X
 _4161_/Y
 _4162_/X
 _4163_/X
 _4164_/Y
 _4165_/X
 _4166_/X
 _4167_/Y
 _4168_/X
 _4169_/X
 _4170_/Y
 _4171_/X
 _4172_/X
 _4173_/Y
 _4174_/X
 _4175_/X
 _4176_/Y
 _4177_/X
 _4178_/X
 _4179_/X
 _4180_/Y
 _4181_/Y
 _4182_/X
 _4183_/X
 _4184_/X
 _4185_/X
 _4186_/X
 _4187_/X
 _4188_/X
 _4189_/X
 _4190_/X
 _4191_/X
 _4192_/X
 _4193_/X
 _4194_/X
 _4195_/X
 _4196_/X
 _4197_/X
 _4198_/X
 _4199_/Y
 _4200_/X
 _4201_/Y
 _4202_/X
 _4203_/Y
 _4204_/X
 _4205_/X
 _4206_/Q
 _4207_/Q
 _4208_/Q
 _4209_/Q
 _4210_/Q
 _4211_/Q
 _4212_/Q
 _4213_/Q
 _4214_/Q
 _4215_/Q
 _4216_/Q
 _4217_/Q
 _4218_/Q
 _4219_/Q
 _4220_/Q
 _4221_/Q
 _4222_/Q
 _4223_/Q
 _4224_/Q
 _4225_/Q
 _4226_/Q
 _4227_/Q
 _4228_/Q
 _4229_/Q
 _4230_/Q
 _4231_/Q
 _4232_/Q
 _4233_/Q
 _4234_/Q
 _4235_/Q
 _4236_/Q
 _4237_/Q
 _4238_/Q
 _4239_/Q
 _4240_/Q
 _4241_/Q
 _4242_/Q
 _4243_/Q
 _4244_/Q
 _4245_/Q
 _4246_/Q
 _4247_/Q
 _4248_/Q
 _4249_/Q
 _4250_/Q
 _4251_/Q
 _4252_/Q
 _4253_/Q
 _4254_/Q
 _4255_/Q
 _4256_/Q
 _4257_/Q
 _4258_/Q
 _4259_/Q
 _4260_/Q
 _4261_/Q
 _4262_/Q
 _4263_/Q
 _4264_/Q
 _4265_/Q
 _4266_/Q
 _4267_/Q
 _4268_/Q
 _4269_/Q
 _4270_/Q
 _4271_/Q
 _4272_/Q
 _4273_/Q
 _4274_/Q
 _4275_/Q
 _4276_/Q
 _4277_/Q
 _4278_/Q
 _4279_/Q
 _4280_/Q
 _4281_/Q
 _4282_/Q
 _4283_/Q
 _4284_/Q
 _4285_/Q
 _4286_/Q
 _4287_/Q
 _4288_/Q
 _4289_/Q
 _4290_/Q
 _4291_/Q
 _4292_/Q
 _4293_/Q
 _4294_/Q
 _4295_/Q
 _4296_/Q
 _4297_/Q
 _4298_/Q
 _4299_/Q
 _4300_/Q
 _4301_/Q
 _4302_/Q
 _4303_/Q
 _4304_/Q
 _4305_/Q
 _4306_/Q
 _4307_/Q
 _4308_/Q
 _4309_/Q
 _4310_/Q
 _4311_/Q
 _4312_/Q
 _4313_/Q
 _4314_/Q
 _4315_/Q
 _4316_/Q
 _4317_/Q
 _4318_/Q
 _4319_/Q
 _4320_/Q
 _4321_/Q
 _4322_/Q
 _4323_/Q
 _4324_/Q
 _4325_/Q
 _4326_/Q
 _4327_/Q
 _4328_/Q
 _4329_/Q
 _4330_/Q
 _4331_/Q
 _4332_/Q
 _4333_/Q
 _4334_/Q
 _4335_/Q
 _4336_/Q
 _4337_/Q
 _4338_/Q
 _4339_/Q
 _4340_/Q
 _4341_/Q
 _4342_/Q
 _4343_/Q
 _4344_/Q
 _4345_/Q
 _4346_/Q
 _4347_/Q
 _4348_/Q
 _4349_/Q
 _4350_/Q
 _4351_/Q
 _4352_/Q
 _4353_/Q
 _4354_/Q
 _4355_/Q
 _4356_/Q
 _4357_/Q
 _4358_/Q
 _4359_/Q
 _4360_/Q
 _4361_/Q
 _4362_/Q
 _4363_/Q
 _4364_/Q
 _4365_/Q
 _4366_/Q
 _4367_/Q
 _4368_/Q
 _4369_/Q
 _4370_/Q
 _4371_/Q
 _4372_/Q
 _4373_/Q
 _4374_/Q
 _4375_/Q
 _4376_/Q
 _4377_/Q
 _4378_/Q
 _4379_/Q
 _4380_/Q
 _4381_/Q
 _4382_/Q
 _4383_/Q
 _4384_/Q
 _4385_/Q
 _4386_/Q
 _4387_/Q
 _4388_/Q
 _4389_/Q
 _4390_/Q
 _4391_/Q
 _4392_/Q
 _4393_/Q
 _4394_/Q
 _4395_/Q
 _4396_/Q
 _4397_/Q
 _4398_/Q
 _4399_/Q
 _4400_/Q
 _4401_/Q
 _4402_/Q
 _4403_/Q
 _4404_/Q
 _4405_/Q
 _4406_/Q
 _4407_/Q
 _4408_/Q
 _4409_/Q
 _4410_/Q
 _4411_/Q
 _4412_/Q
 _4413_/Q
 _4414_/Q
 _4415_/Q
 _4416_/Q
 _4417_/Q
 _4418_/Q
 _4419_/Q
 _4420_/Q
 _4421_/Q
 _4422_/Q
 _4423_/Q
 _4424_/Q
 _4425_/Q
 _4426_/Q
 _4427_/Q
 _4428_/Q
 _4429_/Q
 _4430_/Q
 _4431_/Q
 _4432_/Q
 _4433_/Q
 _4434_/Q
 _4435_/Q
 _4436_/Q
 _4437_/Q
 _4438_/Q
 _4439_/Q
 _4440_/Q
 _4441_/Q
 _4442_/Q
 _4443_/Q
 _4444_/Q
 _4445_/Q
 _4446_/Q
 _4447_/Q
 _4448_/Q
 _4449_/Q
 _4450_/Q
 _4451_/Q
 _4452_/Q
 _4453_/Q
 _4454_/Q
 _4455_/Q
 _4456_/Q
 _4457_/Q
 _4458_/Q
 _4459_/Q
 _4460_/Q
 _4461_/Q
 _4462_/Q
 _4463_/Q
 _4464_/Q
 _4465_/Q
 _4466_/Q
 _4467_/Q
 _4468_/Q
 _4469_/Q
 _4470_/Q
 _4471_/Q
 _4472_/Q
 _4473_/Q
 _4474_/Q
 _4475_/Q
 _4476_/Q
 _4477_/Q
 _4478_/Q
 _4479_/Q
 _4480_/Q
 _4481_/Q
 _4482_/Q
 _4483_/Q
 _4484_/Q
 _4485_/Q
 _4486_/Q
 _4487_/Q
 _4488_/Q
 _4489_/Q
 _4490_/Q
 _4491_/Q
 _4492_/Q
 _4493_/Q
 _4494_/Q
 _4495_/Q
 _4496_/Q
 _4497_/Q
 _4498_/Q
 _4499_/Q
 _4500_/Q
 _4501_/Q
 _4502_/Q
 _4503_/Q
 _4504_/Q
 _4505_/Q
 _4506_/Q
 _4507_/Q
 _4508_/Q
 _4509_/Q
 _4510_/Q
 _4511_/Q
 _4512_/Q
 _4513_/Q
 _4514_/Q
 _4515_/Q
 _4516_/Q
 _4517_/Q
 _4518_/Q
 _4519_/Q
 _4520_/Q
 _4521_/Q
 _4522_/Q
 _4523_/Q
 _4524_/Q
 _4525_/Q
 _4526_/Q
 _4527_/Q
 _4528_/Q
 _4529_/Q
 _4530_/Q
 _4531_/Q
 _4532_/Q
 _4533_/Q
 _4534_/Q
 _4535_/Q
 _4536_/Q
 _4537_/Q
 _4538_/Q
 _4539_/Q
 _4540_/Q
 _4541_/Q
 _4542_/Q
 _4543_/Q
 _4544_/Q
 _4545_/Q
 _4546_/Q
 _4547_/Q
 _4548_/Q
 _4549_/Q
 _4550_/Q
 _4551_/Q
 _4552_/Q
 _4553_/Q
 _4554_/Q
 _4555_/Q
 _4556_/Q
 _4557_/Q
 _4558_/Q
 _4559_/Q
 _4560_/Q
 _4561_/Q
 _4562_/Q
 _4563_/Q
 _4564_/Q
 _4565_/Q
 _4566_/Q
 _4567_/Q
 _4568_/Q
 _4569_/Q
 _4570_/Q
 _4571_/Q
 _4572_/Q
 _4573_/Q
 _4574_/Q
 _4575_/Q
 _4576_/Q
 _4577_/Q
 _4578_/Q
 _4579_/Q
 _4580_/Q
 _4581_/Q
 _4582_/Q
 _4583_/Q
 _4584_/Q
 _4585_/Q
 _4586_/Q
 _4587_/Q
 _4588_/Q
 _4589_/Q
 _4590_/Q
 _4591_/Q
 _4592_/Q
 _4593_/Q
 _4594_/Q
 _4595_/Q
 _4596_/Q
 _4597_/Q
 _4598_/Q
 _4599_/Q
 _4600_/Q
 _4601_/Q
 _4602_/Q
 _4603_/Q
 _4604_/Q
 _4605_/Q
 _4606_/Q
 _4607_/Q
 _4608_/Q
 _4609_/Q
 _4610_/Q
 _4611_/Q
 _4612_/Q
 _4613_/Q
 _4614_/Q
 _4615_/Q
 _4616_/Q
 _4617_/Q
 _4618_/Q
 _4619_/Q
 _4620_/Q
 _4621_/Q
 _4622_/Q
 _4623_/Q
 _4624_/Q
 _4625_/Q
 _4626_/Q
 _4627_/Q
 _4628_/Q
 _4629_/Q
 _4630_/Q
 _4631_/Q
 _4632_/Q
 _4633_/Q
 _4634_/Q
 _4635_/Q
 _4636_/Q
 _4637_/Q
 _4638_/Q
 _4639_/Q
 _4640_/Q
 _4641_/Q
 _4642_/Q
 _4643_/Q
 _4644_/Q
 _4645_/Q
 _4646_/Q
 _4647_/Q
 _4648_/Q
 _4649_/Q
 _4650_/Q
 _4651_/Q
 _4652_/Q
 _4653_/Q
 _4654_/Q
 _4655_/Q
 _4656_/Q
 _4657_/Q
 _4658_/Q
 _4659_/Q
 _4660_/Q
 _4661_/Q
 _4662_/Q
 _4663_/Q
 _4664_/Q
 _4665_/Q
 _4666_/Q
 _4667_/Q
 _4668_/Q
 _4669_/Q
 _4670_/Q
 _4671_/Q
 _4672_/Q
 _4673_/Q
 _4674_/Q
 _4675_/Q
 _4676_/Q
 _4677_/Q
 _4678_/Q
 _4679_/Q
 _4680_/Q
 _4681_/Q
 _4682_/Q
 _4683_/Q
 _4684_/Q
 _4685_/Q
 _4686_/Q
 _4687_/Q
 _4688_/Q
 _4689_/Q
 _4690_/Q
 _4691_/Q
 _4692_/Q
 _4693_/Q
 _4694_/Q
 _4695_/Q
 _4696_/Q
 _4697_/Q
 _4698_/Q
 _4699_/Q
 _4700_/Q
 _4701_/Q
 _4702_/Q
 _4703_/Q
 _4704_/Q
 _4705_/Q
 _4706_/Q
 _4707_/Q
 _4708_/Q
 _4709_/Q
 _4710_/Q
 _4711_/Q
 _4712_/Q
 _4713_/Q
 _4714_/Q
 _4715_/Q
 _4716_/Q
 _4717_/Q
 _4718_/Q
 _4719_/Q
 _4720_/Q
 _4721_/Q
 _4722_/Q
 _4723_/Q
 _4724_/Q
 _4725_/Q
 _4726_/Q
 _4727_/Q
 _4728_/Q
 _4729_/Q
 _4730_/Q
 _4731_/Q
 _4732_/Q
 _4733_/Q
 _4734_/Q
 _4735_/Q
 _4736_/Q
 _4737_/Q
 _4738_/Q
 _4739_/Q
 _4740_/Q
 _4741_/Q
 _4742_/Q
 _4743_/Q
 _4744_/Q
 _4745_/Q
 _4746_/Q
 _4747_/Q
 _4748_/Q
 _4749_/Q
 _4750_/Q
 _4751_/Q
 _4752_/Q
 _4753_/Q
 _4754_/Q
 _4755_/Q
 _4756_/Q
 _4757_/Q
 _4758_/Q
 _4759_/Q
 _4760_/Q
 _4761_/Q
 _4762_/Q
 _4763_/Q
 _4764_/Q
 _4765_/Q
 _4766_/Q
 _4767_/Q
 _4768_/Q
 _4769_/Q
 _4770_/Q
 _4771_/Q
 _4772_/Q
 _4773_/Q
 _4774_/Q
 _4775_/Q
 _4776_/Q
 _4777_/Q
 _4778_/Q
 _4779_/Q
 _4780_/Q
 _4781_/Q
 _4782_/Q
 _4783_/Q
 _4784_/Q
 _4785_/Q
 _4786_/Q
 _4787_/Q
 _4788_/Q
 _4789_/Q
 _4790_/Q
 _4791_/Q
 _4792_/Q
 _4793_/Q
 _4794_/Q
 _4795_/Q
 _4796_/Q
 _4797_/Q
 _4798_/Q
 clkbuf_0_clock/X
 clkbuf_3_0__f_clock/X
 clkbuf_3_1__f_clock/X
 clkbuf_3_2__f_clock/X
 clkbuf_3_3__f_clock/X
 clkbuf_3_4__f_clock/X
 clkbuf_3_5__f_clock/X
 clkbuf_3_6__f_clock/X
 clkbuf_3_7__f_clock/X
 clkbuf_leaf_0_clock/X
 clkbuf_leaf_10_clock/X
 clkbuf_leaf_11_clock/X
 clkbuf_leaf_12_clock/X
 clkbuf_leaf_13_clock/X
 clkbuf_leaf_14_clock/X
 clkbuf_leaf_15_clock/X
 clkbuf_leaf_16_clock/X
 clkbuf_leaf_17_clock/X
 clkbuf_leaf_18_clock/X
 clkbuf_leaf_19_clock/X
 clkbuf_leaf_1_clock/X
 clkbuf_leaf_20_clock/X
 clkbuf_leaf_21_clock/X
 clkbuf_leaf_22_clock/X
 clkbuf_leaf_23_clock/X
 clkbuf_leaf_24_clock/X
 clkbuf_leaf_25_clock/X
 clkbuf_leaf_26_clock/X
 clkbuf_leaf_27_clock/X
 clkbuf_leaf_28_clock/X
 clkbuf_leaf_29_clock/X
 clkbuf_leaf_2_clock/X
 clkbuf_leaf_30_clock/X
 clkbuf_leaf_31_clock/X
 clkbuf_leaf_32_clock/X
 clkbuf_leaf_33_clock/X
 clkbuf_leaf_34_clock/X
 clkbuf_leaf_35_clock/X
 clkbuf_leaf_36_clock/X
 clkbuf_leaf_37_clock/X
 clkbuf_leaf_38_clock/X
 clkbuf_leaf_39_clock/X
 clkbuf_leaf_3_clock/X
 clkbuf_leaf_40_clock/X
 clkbuf_leaf_41_clock/X
 clkbuf_leaf_42_clock/X
 clkbuf_leaf_43_clock/X
 clkbuf_leaf_44_clock/X
 clkbuf_leaf_45_clock/X
 clkbuf_leaf_46_clock/X
 clkbuf_leaf_47_clock/X
 clkbuf_leaf_48_clock/X
 clkbuf_leaf_49_clock/X
 clkbuf_leaf_4_clock/X
 clkbuf_leaf_50_clock/X
 clkbuf_leaf_51_clock/X
 clkbuf_leaf_52_clock/X
 clkbuf_leaf_53_clock/X
 clkbuf_leaf_54_clock/X
 clkbuf_leaf_55_clock/X
 clkbuf_leaf_56_clock/X
 clkbuf_leaf_57_clock/X
 clkbuf_leaf_58_clock/X
 clkbuf_leaf_59_clock/X
 clkbuf_leaf_5_clock/X
 clkbuf_leaf_60_clock/X
 clkbuf_leaf_61_clock/X
 clkbuf_leaf_62_clock/X
 clkbuf_leaf_6_clock/X
 clkbuf_leaf_7_clock/X
 clkbuf_leaf_8_clock/X
 clkbuf_leaf_9_clock/X
 input1/X
 input10/X
 input11/X
 input12/X
 input13/X
 input2/X
 input3/X
 input4/X
 input5/X
 input6/X
 input7/X
 input8/X
 input9/X
 max_cap43/X
 max_cap44/X
 max_cap45/X
 max_cap47/X
 max_cap48/X
 output14/X
 output15/X
 output16/X
 output17/X
 output18/X
 output19/X
 output20/X
 output21/X
 output22/X
 output23/X
 output24/X
 output25/X
 output26/X
 output27/X
 output28/X
 output29/X
 output30/X
 output31/X
 output32/X
 output33/X
 output34/X
 output35/X
 output36/X
 output37/X
 output38/X
 output39/X
 output40/X
 output41/X
 output42/X
 wire46/X
Found 0 partially unannotated drivers.

===========================================================================
max slew violation count 0
max fanout violation count 23
max cap violation count 0
============================================================================

===========================================================================
check_setup -verbose -unconstrained_endpoints -multiple_clock -no_clock -no_input_delay -loops -generated_clocks
===========================================================================
