[INFO]: Run Directory: /openlane/designs/router_1x3/runs/run3
[INFO]: Saving runtime environment...
[INFO]: Preparing LEF files for the nom corner...
[INFO]: Preparing LEF files for the min corner...
[INFO]: Preparing LEF files for the max corner...
[INFO]: Running Synthesis (log: designs/router_1x3/runs/run3/logs/synthesis/1-synthesis.log)...
[INFO]: Running Single-Corner Static Timing Analysis (log: designs/router_1x3/runs/run3/logs/synthesis/2-sta.log)...
[INFO]: Running Initial Floorplanning (log: designs/router_1x3/runs/run3/logs/floorplan/3-initial_fp.log)...
[INFO]: Floorplanned with width 250.24 and height 250.24.
[INFO]: Running IO Placement...
[INFO]: Running Tap/Decap Insertion (log: designs/router_1x3/runs/run3/logs/floorplan/5-tap.log)...
[INFO]: Power planning with power {VPWR} and ground {VGND}...
[INFO]: Generating PDN (log: designs/router_1x3/runs/run3/logs/floorplan/6-pdn.log)...
[INFO]: Running Global Placement (log: designs/router_1x3/runs/run3/logs/placement/7-global.log)...
[INFO]: Running Single-Corner Static Timing Analysis (log: designs/router_1x3/runs/run3/logs/placement/8-gpl_sta.log)...
[INFO]: Running Placement Resizer Design Optimizations (log: designs/router_1x3/runs/run3/logs/placement/9-resizer.log)...
[INFO]: Running Detailed Placement (log: designs/router_1x3/runs/run3/logs/placement/10-detailed.log)...
[INFO]: Running Single-Corner Static Timing Analysis (log: designs/router_1x3/runs/run3/logs/placement/11-dpl_sta.log)...
[INFO]: Running Clock Tree Synthesis (log: designs/router_1x3/runs/run3/logs/cts/12-cts.log)...
[INFO]: Running Single-Corner Static Timing Analysis (log: designs/router_1x3/runs/run3/logs/cts/13-cts_sta.log)...
[INFO]: Running Global Routing Resizer Design Optimizations (log: designs/router_1x3/runs/run3/logs/routing/14-resizer_design.log)...
[INFO]: Running Single-Corner Static Timing Analysis (log: designs/router_1x3/runs/run3/logs/routing/15-rsz_design_sta.log)...
[INFO]: Running Global Routing Resizer Timing Optimizations (log: designs/router_1x3/runs/run3/logs/routing/16-resizer_timing.log)...
[INFO]: Running Single-Corner Static Timing Analysis (log: designs/router_1x3/runs/run3/logs/routing/17-rsz_timing_sta.log)...
[INFO]: Running Global Routing (log: designs/router_1x3/runs/run3/logs/routing/18-global.log)...
[INFO]: Starting OpenROAD Antenna Repair Iterations...
[INFO]: Writing Verilog (log: designs/router_1x3/runs/run3/logs/routing/18-global_write_netlist.log)...
[INFO]: Running Single-Corner Static Timing Analysis (log: designs/router_1x3/runs/run3/logs/routing/20-grt_sta.log)...
[INFO]: Running Fill Insertion (log: designs/router_1x3/runs/run3/logs/routing/21-fill.log)...
[INFO]: Running Detailed Routing (log: designs/router_1x3/runs/run3/logs/routing/22-detailed.log)...
[INFO]: No DRC violations after detailed routing.
[INFO]: Checking Wire Lengths (log: designs/router_1x3/runs/run3/logs/routing/23-wire_lengths.log)...
[INFO]: Running Magic to generate various views...
[INFO]: Streaming out GDSII with Magic (log: designs/router_1x3/runs/run3/logs/signoff/24-gdsii.log)...
[INFO]: Generating MAGLEF views...
[INFO]: Generating lef with Magic (/openlane/designs/router_1x3/runs/run3/logs/signoff/24-lef.log)...
[INFO]: Running Magic DRC (log: designs/router_1x3/runs/run3/logs/signoff/25-drc.log)...
[INFO]: Converting Magic DRC database to various tool-readable formats...
[INFO]: No DRC violations after GDS streaming out.
[INFO]: Writing Powered Verilog (logs: designs/router_1x3/runs/run3/logs/signoff/26-write_powered_def.log, designs/router_1x3/runs/run3/logs/signoff/26-write_powered_verilog.log)...
[INFO]: Writing Verilog (log: designs/router_1x3/runs/run3/logs/signoff/26-write_powered_verilog.log)...
[INFO]: Running LVS (log: designs/router_1x3/runs/run3/logs/signoff/28-lvs.lef.log)...
[INFO]: Running OpenROAD Antenna Rule Checker (log: designs/router_1x3/runs/run3/logs/signoff/29-arc.log)...
[INFO]: Running Magic Spice Export from LEF (log: designs/router_1x3/runs/run3/logs/signoff/30-spice.log)...
[INFO]: Running SPEF Extraction at the min process corner (log: designs/router_1x3/runs/run3/logs/signoff/31-parasitics_extraction.min.log)...
[INFO]: Running Multi-Corner Static Timing Analysis at the min process corner (log: designs/router_1x3/runs/run3/logs/signoff/32-rcx_mcsta.min.log)...
[INFO]: Running SPEF Extraction at the max process corner (log: designs/router_1x3/runs/run3/logs/signoff/33-parasitics_extraction.max.log)...
[INFO]: Running Multi-Corner Static Timing Analysis at the max process corner (log: designs/router_1x3/runs/run3/logs/signoff/34-rcx_mcsta.max.log)...
[INFO]: Running SPEF Extraction at the nom process corner (log: designs/router_1x3/runs/run3/logs/signoff/35-parasitics_extraction.nom.log)...
[INFO]: Running Multi-Corner Static Timing Analysis at the nom process corner (log: designs/router_1x3/runs/run3/logs/signoff/36-rcx_mcsta.nom.log)...
[INFO]: Running Single-Corner Static Timing Analysis at the nom process corner (log: designs/router_1x3/runs/run3/logs/signoff/37-rcx_sta.log)...
[WARNING]: Module sky130_fd_sc_hd__fill_2 blackboxed during sta
[WARNING]: Module sky130_ef_sc_hd__decap_12 blackboxed during sta
[WARNING]: Module sky130_fd_sc_hd__fill_1 blackboxed during sta
[WARNING]: Module sky130_fd_sc_hd__tapvpwrvgnd_1 blackboxed during sta
[INFO]: Writing Powered Verilog (logs: designs/router_1x3/runs/run3/logs/signoff/38-write_powered_def.log, designs/router_1x3/runs/run3/logs/signoff/38-write_powered_verilog.log)...
[INFO]: Writing Verilog (log: designs/router_1x3/runs/run3/logs/signoff/38-write_powered_verilog.log)...
[INFO]: Running LVS (log: designs/router_1x3/runs/run3/logs/signoff/40-lvs.lef.log)...
[INFO]: Generating final set of reports...
[ERROR]: Failed to create manufacturability and metric reports:
[ERROR]: Failed to extract runtime info for router_1x3/run3: Attempted to generate report on a non-finalized run.
