
===========================================================================
 report_power
============================================================================
======================= Fastest Corner ===================================

Group                  Internal  Switching    Leakage      Total
                          Power      Power      Power      Power (Watts)
----------------------------------------------------------------
Sequential             2.93e-03   2.26e-04   8.77e-09   3.16e-03  34.3%
Combinational          2.60e-03   3.45e-03   3.35e-08   6.05e-03  65.7%
Macro                  0.00e+00   0.00e+00   0.00e+00   0.00e+00   0.0%
Pad                    0.00e+00   0.00e+00   0.00e+00   0.00e+00   0.0%
----------------------------------------------------------------
Total                  5.53e-03   3.68e-03   4.23e-08   9.21e-03 100.0%
                          60.0%      40.0%       0.0%

======================= Slowest Corner ===================================

Group                  Internal  Switching    Leakage      Total
                          Power      Power      Power      Power (Watts)
----------------------------------------------------------------
Sequential             1.96e-03   1.49e-04   8.73e-06   2.12e-03  33.7%
Combinational          1.89e-03   2.27e-03   1.35e-05   4.18e-03  66.3%
Macro                  0.00e+00   0.00e+00   0.00e+00   0.00e+00   0.0%
Pad                    0.00e+00   0.00e+00   0.00e+00   0.00e+00   0.0%
----------------------------------------------------------------
Total                  3.85e-03   2.42e-03   2.22e-05   6.30e-03 100.0%
                          61.2%      38.5%       0.4%

======================= Typical Corner ===================================

Group                  Internal  Switching    Leakage      Total
                          Power      Power      Power      Power (Watts)
----------------------------------------------------------------
Sequential             2.52e-03   1.90e-04   5.01e-09   2.71e-03  34.1%
Combinational          2.33e-03   2.92e-03   1.53e-08   5.25e-03  65.9%
Macro                  0.00e+00   0.00e+00   0.00e+00   0.00e+00   0.0%
Pad                    0.00e+00   0.00e+00   0.00e+00   0.00e+00   0.0%
----------------------------------------------------------------
Total                  4.85e-03   3.11e-03   2.04e-08   7.96e-03 100.0%
                          61.0%      39.0%       0.0%

